~WinMain(): 594: Line: 105: Command-line: -build 673 -installorupgrade -servername OPCM10.OP.LAB -mem 32 -sourceuncpath "\\OPCM10.OP.LAB\ADAPTIVA\AdaptivaClientSetup.exe" -wanbytespersecond 0 -installersecurehash 05bfbbb3f1cf16b2942f113a1ce0618e -installersize 53947688 -folder "C:\Program Files (x86)\Adaptiva\" $$<adaptivap2pclient.cpp><x Apr 13 22:54:49.775 2018><thread=2>
~WinMain(): 594: Line: 118: WSAStartup succeeded$$<adaptivap2pclient.cpp><x Apr 13 22:54:49.775 2018><thread=2>
~getServiceCurrentState(): 594: Line: 554: *****: could not open the AdaptivaClient service$$<ntserviceutils.cpp><x Apr 13 22:54:49.775 2018><thread=3>
~doesServiceExist(): 594: Line: 101: *****: System code: 1060: The specified service does not exist as an installed service.$$<ntserviceutils.cpp><x Apr 13 22:54:49.775 2018><thread=3>
~doesServiceExist(): 594: Line: 102: Service does not exist: AdaptivaClient$$<ntserviceutils.cpp><x Apr 13 22:54:49.775 2018><thread=2>
~isServiceStopped(): 594: Line: 528: Service AdaptivaClient is: stopped$$<ntserviceutils.cpp><x Apr 13 22:54:49.775 2018><thread=2>
~stopServiceWithErrorCode(): 594: Line: 607: The service AdaptivaClient has stopped$$<ntserviceutils.cpp><x Apr 13 22:54:49.775 2018><thread=2>
~getMacAddresses(): 594: Line: 73: Mac: 00-0d-3a-92-8c-23, count: 1$$<getmacaddress.cpp><x Apr 13 22:54:49.790 2018><thread=2>
~mystrncpy(): 594: Line: 14: *****: Buffer too small: 5, for:  673 -installorupgrade -servername OPCM10.OP.LAB -mem 32 -sourceuncpath "\\OPCM10.OP.LAB\ADAPTIVA\AdaptivaClientSetup.exe" -wanbytespersecond 0 -installersecurehash 05bfbbb3f1cf16b2942f113a1ce0618e -installersize 53947688 -folder "C:\Program Files (x86)\Adaptiva\" $$<mystrncpy.cpp><x Apr 13 22:54:49.790 2018><thread=3>
~mystrncpy(): 594: Line: 14: *****: Buffer too small: 1, for:  -servername OPCM10.OP.LAB -mem 32 -sourceuncpath "\\OPCM10.OP.LAB\ADAPTIVA\AdaptivaClientSetup.exe" -wanbytespersecond 0 -installersecurehash 05bfbbb3f1cf16b2942f113a1ce0618e -installersize 53947688 -folder "C:\Program Files (x86)\Adaptiva\" $$<mystrncpy.cpp><x Apr 13 22:54:49.790 2018><thread=3>
~mystrncpy(): 594: Line: 14: *****: Buffer too small: 15, for:  OPCM10.OP.LAB -mem 32 -sourceuncpath "\\OPCM10.OP.LAB\ADAPTIVA\AdaptivaClientSetup.exe" -wanbytespersecond 0 -installersecurehash 05bfbbb3f1cf16b2942f113a1ce0618e -installersize 53947688 -folder "C:\Program Files (x86)\Adaptiva\" $$<mystrncpy.cpp><x Apr 13 22:54:49.790 2018><thread=3>
~mystrncpy(): 594: Line: 14: *****: Buffer too small: 4, for:  32 -sourceuncpath "\\OPCM10.OP.LAB\ADAPTIVA\AdaptivaClientSetup.exe" -wanbytespersecond 0 -installersecurehash 05bfbbb3f1cf16b2942f113a1ce0618e -installersize 53947688 -folder "C:\Program Files (x86)\Adaptiva\" $$<mystrncpy.cpp><x Apr 13 22:54:49.790 2018><thread=3>
~mystrncpy(): 594: Line: 14: *****: Buffer too small: 52, for:  "\\OPCM10.OP.LAB\ADAPTIVA\AdaptivaClientSetup.exe" -wanbytespersecond 0 -installersecurehash 05bfbbb3f1cf16b2942f113a1ce0618e -installersize 53947688 -folder "C:\Program Files (x86)\Adaptiva\" $$<mystrncpy.cpp><x Apr 13 22:54:49.790 2018><thread=3>
~mystrncpy(): 594: Line: 14: *****: Buffer too small: 3, for:  0 -installersecurehash 05bfbbb3f1cf16b2942f113a1ce0618e -installersize 53947688 -folder "C:\Program Files (x86)\Adaptiva\" $$<mystrncpy.cpp><x Apr 13 22:54:49.790 2018><thread=3>
~mystrncpy(): 594: Line: 14: *****: Buffer too small: 34, for:  05bfbbb3f1cf16b2942f113a1ce0618e -installersize 53947688 -folder "C:\Program Files (x86)\Adaptiva\" $$<mystrncpy.cpp><x Apr 13 22:54:49.790 2018><thread=3>
~mystrncpy(): 594: Line: 14: *****: Buffer too small: 10, for:  53947688 -folder "C:\Program Files (x86)\Adaptiva\" $$<mystrncpy.cpp><x Apr 13 22:54:49.790 2018><thread=3>
~WinMain(): 594: Line: 147: Command Line Parsing successful$$<adaptivap2pclient.cpp><x Apr 13 22:54:49.790 2018><thread=2>
~validateCommandLineOptions(): 594: Line: 681: valid!$$<adaptivap2pclient.cpp><x Apr 13 22:54:49.790 2018><thread=2>
~WinMain(): 594: Line: 158: Command Line options valid$$<adaptivap2pclient.cpp><x Apr 13 22:54:49.790 2018><thread=2>
~calculateAdaptivaClientInstallerDownloadPath(): 594: Line: 724: Path is: C:\Program Files (x86)\Adaptiva\AdaptivaClient\bin\AdaptivaClientSetup.exe$$<adaptivap2pclient.cpp><x Apr 13 22:54:49.790 2018><thread=2>
~WinMain(): 594: Line: 182: Download path: C:\Program Files (x86)\Adaptiva\AdaptivaClient\bin\AdaptivaClientSetup.exe$$<adaptivap2pclient.cpp><x Apr 13 22:54:49.790 2018><thread=2>
~createDir(): 594: Line: 60: Created dir: C:\Program Files (x86)\Adaptiva$$<windowsfileanddirectoryfunctions.cpp><x Apr 13 22:54:49.790 2018><thread=2>
~createDir(): 594: Line: 60: Created dir: C:\Program Files (x86)\Adaptiva\AdaptivaClient$$<windowsfileanddirectoryfunctions.cpp><x Apr 13 22:54:49.790 2018><thread=2>
~createDir(): 594: Line: 60: Created dir: C:\Program Files (x86)\Adaptiva\AdaptivaClient\bin$$<windowsfileanddirectoryfunctions.cpp><x Apr 13 22:54:49.790 2018><thread=2>
~isWindowsFirewallPresent(): 594: Line: 29: Windows firewall is present$$<windowsfirewallutils.cpp><x Apr 13 22:54:49.790 2018><thread=2>
~WindowsFirewallPortIsEnabled(): 594: Line: 493: Port 34760 is not open in the firewall$$<windowsfirewallutils.cpp><x Apr 13 22:54:49.839 2018><thread=2>
~WindowsFirewallPortAdd(): 594: Line: 611: Port 34760 is now open in the firewall$$<windowsfirewallutils.cpp><x Apr 13 22:54:49.853 2018><thread=2>
~addPortInWindowsFirewall(): 594: Line: 656: The Windows firewall was successfully configured$$<windowsfirewallutils.cpp><x Apr 13 22:54:49.853 2018><thread=2>
~WindowsFirewallPortIsEnabled(): 594: Line: 493: Port 34329 is not open in the firewall$$<windowsfirewallutils.cpp><x Apr 13 22:54:49.900 2018><thread=2>
~WindowsFirewallPortAdd(): 594: Line: 611: Port 34329 is now open in the firewall$$<windowsfirewallutils.cpp><x Apr 13 22:54:49.916 2018><thread=2>
~addPortInWindowsFirewall(): 594: Line: 656: The Windows firewall was successfully configured$$<windowsfirewallutils.cpp><x Apr 13 22:54:49.916 2018><thread=2>
~configureFireWallForMSI(): 594: Line: 767: Successfully added entries in WindowsFireWall$$<adaptivap2pclient.cpp><x Apr 13 22:54:49.916 2018><thread=2>
~downloadClientInstallerOverLAN(): 594: Line: 26: tcp: 34760, udp: 34329, file: C:\Program Files (x86)\Adaptiva\AdaptivaClient\bin\AdaptivaClientSetup.exe, size: 53947688, build: 673$$<landownload.cpp><x Apr 13 22:54:49.916 2018><thread=2>
~downloadClientInstallerOverLAN(): 594: Line: 53: trying: 0$$<landownload.cpp><x Apr 13 22:54:49.916 2018><thread=2>
~TcpListenerStartListening(): 594: Line: 28: Starting listen on: 87c8$$<tcplistener.cpp><x Apr 13 22:54:49.916 2018><thread=2>
~openRegistryKey(): 594: Line: 988: *****: System code: 0: The operation completed successfully.$$<newregistryutils.cpp><x Apr 13 22:54:49.916 2018><thread=3>
~openRegistryKey(): 594: Line: 989: *****: RegOpenKeyEx: SOFTWARE\Adaptiva\client, 2$$<newregistryutils.cpp><x Apr 13 22:54:49.916 2018><thread=3>
~registry_GetValue(): 594: Line: 917: *****: openRegistryKey: SOFTWARE\Adaptiva\client, 2$$<newregistryutils.cpp><x Apr 13 22:54:49.916 2018><thread=3>
~getAdaptivaClientId(): 594: Line: 338: *****: client id not found$$<sendadaptivamessage.cpp><x Apr 13 22:54:49.916 2018><thread=3>
~MakeAdaptivaMessage(): 594: Line: 155: no client id: using default$$<sendadaptivamessage.cpp><x Apr 13 22:54:49.916 2018><thread=2>
~sendToBroadcast(): 594: Line: 496: sent broadcast: 505 bytes, bind ip: 10.0.1.9$$<sendadaptivamessage.cpp><x Apr 13 22:54:49.916 2018><thread=2>
~sendToBroadcast(): 594: Line: 511: Sent on 1 interfaces$$<sendadaptivamessage.cpp><x Apr 13 22:54:49.916 2018><thread=2>
~sendDiscoveryAssistMessage(): 594: Line: 316: sent$$<landownload.cpp><x Apr 13 22:54:49.916 2018><thread=2>
~downloadClientInstallerOverLAN(): 594: Line: 69: Starting tcp recv$$<landownload.cpp><x Apr 13 22:54:49.916 2018><thread=2>
~receiveFileOverTcpTransport(): 594: Line: 133: starting$$<landownload.cpp><x Apr 13 22:54:49.916 2018><thread=2>
~receiveFileOverTcpTransport(): 594: Line: 283: tcp recv timeout$$<landownload.cpp><x Apr 13 22:55:21.849 2018><thread=2>
~receiveFileOverTcpTransport(): 594: Line: 284: tcp recv timeout: 32000$$<landownload.cpp><x Apr 13 22:55:21.849 2018><thread=2>
~downloadClientInstallerOverLAN(): 594: Line: 81: LAN recv timeout$$<landownload.cpp><x Apr 13 22:55:21.849 2018><thread=2>
~TcpListenerStopListening(): 594: Line: 134: Stopping listening$$<tcplistener.cpp><x Apr 13 22:55:21.849 2018><thread=2>
~TcpListenerSocketThread(): D30: Line: 393: socket thread done$$<tcplistener.cpp><x Apr 13 22:55:21.849 2018><thread=2>
~downloadClientInstallerOverLAN(): 594: Line: 53: trying: 1$$<landownload.cpp><x Apr 13 22:55:21.849 2018><thread=2>
~TcpListenerStartListening(): 594: Line: 28: Starting listen on: 87c8$$<tcplistener.cpp><x Apr 13 22:55:21.849 2018><thread=2>
~openRegistryKey(): 594: Line: 988: *****: System code: 0: The operation completed successfully.$$<newregistryutils.cpp><x Apr 13 22:55:21.849 2018><thread=3>
~openRegistryKey(): 594: Line: 989: *****: RegOpenKeyEx: SOFTWARE\Adaptiva\client, 2$$<newregistryutils.cpp><x Apr 13 22:55:21.849 2018><thread=3>
~registry_GetValue(): 594: Line: 917: *****: openRegistryKey: SOFTWARE\Adaptiva\client, 2$$<newregistryutils.cpp><x Apr 13 22:55:21.849 2018><thread=3>
~getAdaptivaClientId(): 594: Line: 338: *****: client id not found$$<sendadaptivamessage.cpp><x Apr 13 22:55:21.849 2018><thread=3>
~MakeAdaptivaMessage(): 594: Line: 155: no client id: using default$$<sendadaptivamessage.cpp><x Apr 13 22:55:21.849 2018><thread=2>
~sendToBroadcast(): 594: Line: 496: sent broadcast: 505 bytes, bind ip: 10.0.1.9$$<sendadaptivamessage.cpp><x Apr 13 22:55:21.849 2018><thread=2>
~sendToBroadcast(): 594: Line: 511: Sent on 1 interfaces$$<sendadaptivamessage.cpp><x Apr 13 22:55:21.849 2018><thread=2>
~sendDiscoveryAssistMessage(): 594: Line: 316: sent$$<landownload.cpp><x Apr 13 22:55:21.849 2018><thread=2>
~downloadClientInstallerOverLAN(): 594: Line: 69: Starting tcp recv$$<landownload.cpp><x Apr 13 22:55:21.849 2018><thread=2>
~receiveFileOverTcpTransport(): 594: Line: 133: starting$$<landownload.cpp><x Apr 13 22:55:21.849 2018><thread=2>
~receiveFileOverTcpTransport(): 594: Line: 283: tcp recv timeout$$<landownload.cpp><x Apr 13 22:55:53.780 2018><thread=2>
~receiveFileOverTcpTransport(): 594: Line: 284: tcp recv timeout: 32000$$<landownload.cpp><x Apr 13 22:55:53.780 2018><thread=2>
~downloadClientInstallerOverLAN(): 594: Line: 81: LAN recv timeout$$<landownload.cpp><x Apr 13 22:55:53.780 2018><thread=2>
~TcpListenerStopListening(): 594: Line: 134: Stopping listening$$<tcplistener.cpp><x Apr 13 22:55:53.780 2018><thread=2>
~TcpListenerSocketThread(): CB0: Line: 393: socket thread done$$<tcplistener.cpp><x Apr 13 22:55:53.780 2018><thread=2>
~downloadClientInstallerOverLAN(): 594: Line: 53: trying: 2$$<landownload.cpp><x Apr 13 22:55:53.780 2018><thread=2>
~TcpListenerStartListening(): 594: Line: 28: Starting listen on: 87c8$$<tcplistener.cpp><x Apr 13 22:55:53.780 2018><thread=2>
~openRegistryKey(): 594: Line: 988: *****: System code: 0: The operation completed successfully.$$<newregistryutils.cpp><x Apr 13 22:55:53.780 2018><thread=3>
~openRegistryKey(): 594: Line: 989: *****: RegOpenKeyEx: SOFTWARE\Adaptiva\client, 2$$<newregistryutils.cpp><x Apr 13 22:55:53.780 2018><thread=3>
~registry_GetValue(): 594: Line: 917: *****: openRegistryKey: SOFTWARE\Adaptiva\client, 2$$<newregistryutils.cpp><x Apr 13 22:55:53.780 2018><thread=3>
~getAdaptivaClientId(): 594: Line: 338: *****: client id not found$$<sendadaptivamessage.cpp><x Apr 13 22:55:53.780 2018><thread=3>
~MakeAdaptivaMessage(): 594: Line: 155: no client id: using default$$<sendadaptivamessage.cpp><x Apr 13 22:55:53.780 2018><thread=2>
~sendToBroadcast(): 594: Line: 496: sent broadcast: 505 bytes, bind ip: 10.0.1.9$$<sendadaptivamessage.cpp><x Apr 13 22:55:53.780 2018><thread=2>
~sendToBroadcast(): 594: Line: 511: Sent on 1 interfaces$$<sendadaptivamessage.cpp><x Apr 13 22:55:53.780 2018><thread=2>
~sendDiscoveryAssistMessage(): 594: Line: 316: sent$$<landownload.cpp><x Apr 13 22:55:53.780 2018><thread=2>
~downloadClientInstallerOverLAN(): 594: Line: 69: Starting tcp recv$$<landownload.cpp><x Apr 13 22:55:53.780 2018><thread=2>
~receiveFileOverTcpTransport(): 594: Line: 133: starting$$<landownload.cpp><x Apr 13 22:55:53.780 2018><thread=2>
~receiveFileOverTcpTransport(): 594: Line: 283: tcp recv timeout$$<landownload.cpp><x Apr 13 22:56:25.711 2018><thread=2>
~receiveFileOverTcpTransport(): 594: Line: 284: tcp recv timeout: 32000$$<landownload.cpp><x Apr 13 22:56:25.711 2018><thread=2>
~downloadClientInstallerOverLAN(): 594: Line: 81: LAN recv timeout$$<landownload.cpp><x Apr 13 22:56:25.711 2018><thread=2>
~TcpListenerStopListening(): 594: Line: 134: Stopping listening$$<tcplistener.cpp><x Apr 13 22:56:25.711 2018><thread=2>
~TcpListenerSocketThread(): 220: Line: 393: socket thread done$$<tcplistener.cpp><x Apr 13 22:56:25.711 2018><thread=2>
~downloadClientInstallerOverLAN(): 594: Line: 53: trying: 3$$<landownload.cpp><x Apr 13 22:56:25.711 2018><thread=2>
~TcpListenerStartListening(): 594: Line: 28: Starting listen on: 87c8$$<tcplistener.cpp><x Apr 13 22:56:25.711 2018><thread=2>
~openRegistryKey(): 594: Line: 988: *****: System code: 0: The operation completed successfully.$$<newregistryutils.cpp><x Apr 13 22:56:25.711 2018><thread=3>
~openRegistryKey(): 594: Line: 989: *****: RegOpenKeyEx: SOFTWARE\Adaptiva\client, 2$$<newregistryutils.cpp><x Apr 13 22:56:25.711 2018><thread=3>
~registry_GetValue(): 594: Line: 917: *****: openRegistryKey: SOFTWARE\Adaptiva\client, 2$$<newregistryutils.cpp><x Apr 13 22:56:25.711 2018><thread=3>
~getAdaptivaClientId(): 594: Line: 338: *****: client id not found$$<sendadaptivamessage.cpp><x Apr 13 22:56:25.711 2018><thread=3>
~MakeAdaptivaMessage(): 594: Line: 155: no client id: using default$$<sendadaptivamessage.cpp><x Apr 13 22:56:25.711 2018><thread=2>
~sendToBroadcast(): 594: Line: 496: sent broadcast: 505 bytes, bind ip: 10.0.1.9$$<sendadaptivamessage.cpp><x Apr 13 22:56:25.711 2018><thread=2>
~sendToBroadcast(): 594: Line: 511: Sent on 1 interfaces$$<sendadaptivamessage.cpp><x Apr 13 22:56:25.711 2018><thread=2>
~sendDiscoveryAssistMessage(): 594: Line: 316: sent$$<landownload.cpp><x Apr 13 22:56:25.711 2018><thread=2>
~downloadClientInstallerOverLAN(): 594: Line: 69: Starting tcp recv$$<landownload.cpp><x Apr 13 22:56:25.711 2018><thread=2>
~receiveFileOverTcpTransport(): 594: Line: 133: starting$$<landownload.cpp><x Apr 13 22:56:25.711 2018><thread=2>
~receiveFileOverTcpTransport(): 594: Line: 283: tcp recv timeout$$<landownload.cpp><x Apr 13 22:56:57.644 2018><thread=2>
~receiveFileOverTcpTransport(): 594: Line: 284: tcp recv timeout: 32000$$<landownload.cpp><x Apr 13 22:56:57.644 2018><thread=2>
~downloadClientInstallerOverLAN(): 594: Line: 81: LAN recv timeout$$<landownload.cpp><x Apr 13 22:56:57.644 2018><thread=2>
~TcpListenerStopListening(): 594: Line: 134: Stopping listening$$<tcplistener.cpp><x Apr 13 22:56:57.644 2018><thread=2>
~TcpListenerSocketThread(): 15A8: Line: 393: socket thread done$$<tcplistener.cpp><x Apr 13 22:56:57.644 2018><thread=2>
~downloadClientInstallerOverLAN(): 594: Line: 112: return status: 2$$<landownload.cpp><x Apr 13 22:56:57.644 2018><thread=2>
~downloadClientInstallerOverWAN(): 594: Line: 24: Unc: \\OPCM10.OP.LAB\ADAPTIVA\AdaptivaClientSetup.exe, File: C:\Program Files (x86)\Adaptiva\AdaptivaClient\bin\AdaptivaClientSetup.exe, Guid: {889AD685-8040-B6C1-5261-12F5A070C337}, BPS: 0$$<wandownload.cpp><x Apr 13 22:56:57.644 2018><thread=2>
~startListeningForWanClientDownloadMessages(): 594: Line: 251: port: 34329, guid: {889AD685-8040-B6C1-5261-12F5A070C337}$$<wandownload.cpp><x Apr 13 22:56:57.644 2018><thread=2>
~downloadClientInstallerOverWAN(): 594: Line: 35: listening for WanClientDownloadMessages$$<wandownload.cpp><x Apr 13 22:56:57.644 2018><thread=2>
~WanClientDownloadListenerThread(): 175C: Line: 130: starting thread$$<wandownload.cpp><x Apr 13 22:56:57.644 2018><thread=2>
~startSendingWanClientDownloadMessages(): 594: Line: 288: starting: {889AD685-8040-B6C1-5261-12F5A070C337}, port: 34329, wait: 15000$$<wandownload.cpp><x Apr 13 22:57:12.607 2018><thread=2>
~downloadClientInstallerOverWAN(): 594: Line: 65: Starting WAN copy$$<wandownload.cpp><x Apr 13 22:57:12.607 2018><thread=2>
~copyFileUsingSpecifiedBandwidth(): 594: Line: 1178: src: \\OPCM10.OP.LAB\ADAPTIVA\AdaptivaClientSetup.exe, dest: C:\Program Files (x86)\Adaptiva\AdaptivaClient\bin\AdaptivaClientSetup.exe, bps: 0, file size: 53947688$$<windowsfileanddirectoryfunctions.cpp><x Apr 13 22:57:12.607 2018><thread=2>
~sendWanClientDownloadMessage(): 330: Line: 339: sending: {889AD685-8040-B6C1-5261-12F5A070C337}, port: 34329$$<wandownload.cpp><x Apr 13 22:57:12.607 2018><thread=2>
~openRegistryKey(): 330: Line: 988: *****: System code: 87: The parameter is incorrect.$$<newregistryutils.cpp><x Apr 13 22:57:12.607 2018><thread=3>
~openRegistryKey(): 330: Line: 989: *****: RegOpenKeyEx: SOFTWARE\Adaptiva\client, 2$$<newregistryutils.cpp><x Apr 13 22:57:12.607 2018><thread=3>
~registry_GetValue(): 330: Line: 917: *****: openRegistryKey: SOFTWARE\Adaptiva\client, 2$$<newregistryutils.cpp><x Apr 13 22:57:12.607 2018><thread=3>
~getAdaptivaClientId(): 330: Line: 338: *****: client id not found$$<sendadaptivamessage.cpp><x Apr 13 22:57:12.607 2018><thread=3>
~MakeAdaptivaMessage(): 330: Line: 155: no client id: using default$$<sendadaptivamessage.cpp><x Apr 13 22:57:12.607 2018><thread=2>
~sendToBroadcast(): 330: Line: 496: sent broadcast: 236 bytes, bind ip: 10.0.1.9$$<sendadaptivamessage.cpp><x Apr 13 22:57:12.607 2018><thread=2>
~sendToBroadcast(): 330: Line: 511: Sent on 1 interfaces$$<sendadaptivamessage.cpp><x Apr 13 22:57:12.607 2018><thread=2>
~WanClientDownloadListenerThread(): 175C: Line: 214: WanClientDownload recvd local GUID {889AD685-8040-B6C1-5261-12F5A070C337} recvd GUID '{889AD685-8040-B6C1-5261-12F5A070C337}' /><Meta senderId='-2'/></Body></Envelope>$$<wandownload.cpp><x Apr 13 22:57:12.607 2018><thread=2>
~WanClientDownloadListenerThread(): 175C: Line: 216: Comparison Result is 0$$<wandownload.cpp><x Apr 13 22:57:12.607 2018><thread=2>
~sendWanClientDownloadMessage(): 330: Line: 339: sending: {889AD685-8040-B6C1-5261-12F5A070C337}, port: 34329$$<wandownload.cpp><x Apr 13 22:57:27.579 2018><thread=2>
~openRegistryKey(): 330: Line: 988: *****: System code: 0: The operation completed successfully.$$<newregistryutils.cpp><x Apr 13 22:57:27.579 2018><thread=3>
~openRegistryKey(): 330: Line: 989: *****: RegOpenKeyEx: SOFTWARE\Adaptiva\client, 2$$<newregistryutils.cpp><x Apr 13 22:57:27.579 2018><thread=3>
~registry_GetValue(): 330: Line: 917: *****: openRegistryKey: SOFTWARE\Adaptiva\client, 2$$<newregistryutils.cpp><x Apr 13 22:57:27.579 2018><thread=3>
~getAdaptivaClientId(): 330: Line: 338: *****: client id not found$$<sendadaptivamessage.cpp><x Apr 13 22:57:27.579 2018><thread=3>
~MakeAdaptivaMessage(): 330: Line: 155: no client id: using default$$<sendadaptivamessage.cpp><x Apr 13 22:57:27.579 2018><thread=2>
~WanClientDownloadListenerThread(): 175C: Line: 214: WanClientDownload recvd local GUID {889AD685-8040-B6C1-5261-12F5A070C337} recvd GUID '{889AD685-8040-B6C1-5261-12F5A070C337}' /><Meta senderId='-2'/></Body></Envelope>$$<wandownload.cpp><x Apr 13 22:57:27.579 2018><thread=2>
~WanClientDownloadListenerThread(): 175C: Line: 216: Comparison Result is 0$$<wandownload.cpp><x Apr 13 22:57:27.579 2018><thread=2>
~sendToBroadcast(): 330: Line: 496: sent broadcast: 236 bytes, bind ip: 10.0.1.9$$<sendadaptivamessage.cpp><x Apr 13 22:57:27.579 2018><thread=2>
~sendToBroadcast(): 330: Line: 511: Sent on 1 interfaces$$<sendadaptivamessage.cpp><x Apr 13 22:57:27.579 2018><thread=2>
~copyFileUsingSpecifiedBandwidth(): 594: Line: 1239: No checkpoint needed$$<windowsfileanddirectoryfunctions.cpp><x Apr 13 22:57:30.995 2018><thread=2>
~copyFileUsingSpecifiedBandwidth(): 594: Line: 1303: Starting: bytes per loop: 32768$$<windowsfileanddirectoryfunctions.cpp><x Apr 13 22:57:30.995 2018><thread=2>
~copyFileUsingSpecifiedBandwidth(): 594: Line: 1312: Bytes copied: 12222464$$<windowsfileanddirectoryfunctions.cpp><x Apr 13 22:57:36.156 2018><thread=2>
~copyFileUsingSpecifiedBandwidth(): 594: Line: 1312: Bytes copied: 27820032$$<windowsfileanddirectoryfunctions.cpp><x Apr 13 22:57:41.161 2018><thread=2>
~sendWanClientDownloadMessage(): 330: Line: 339: sending: {889AD685-8040-B6C1-5261-12F5A070C337}, port: 34329$$<wandownload.cpp><x Apr 13 22:57:42.555 2018><thread=2>
~openRegistryKey(): 330: Line: 988: *****: System code: 0: The operation completed successfully.$$<newregistryutils.cpp><x Apr 13 22:57:42.555 2018><thread=3>
~openRegistryKey(): 330: Line: 989: *****: RegOpenKeyEx: SOFTWARE\Adaptiva\client, 2$$<newregistryutils.cpp><x Apr 13 22:57:42.555 2018><thread=3>
~registry_GetValue(): 330: Line: 917: *****: openRegistryKey: SOFTWARE\Adaptiva\client, 2$$<newregistryutils.cpp><x Apr 13 22:57:42.555 2018><thread=3>
~getAdaptivaClientId(): 330: Line: 338: *****: client id not found$$<sendadaptivamessage.cpp><x Apr 13 22:57:42.555 2018><thread=3>
~MakeAdaptivaMessage(): 330: Line: 155: no client id: using default$$<sendadaptivamessage.cpp><x Apr 13 22:57:42.555 2018><thread=2>
~sendToBroadcast(): 330: Line: 496: sent broadcast: 236 bytes, bind ip: 10.0.1.9$$<sendadaptivamessage.cpp><x Apr 13 22:57:42.555 2018><thread=2>
~WanClientDownloadListenerThread(): 175C: Line: 214: WanClientDownload recvd local GUID {889AD685-8040-B6C1-5261-12F5A070C337} recvd GUID '{889AD685-8040-B6C1-5261-12F5A070C337}' /><Meta senderId='-2'/></Body></Envelope>$$<wandownload.cpp><x Apr 13 22:57:42.555 2018><thread=2>
~WanClientDownloadListenerThread(): 175C: Line: 216: Comparison Result is 0$$<wandownload.cpp><x Apr 13 22:57:42.555 2018><thread=2>
~sendToBroadcast(): 330: Line: 511: Sent on 1 interfaces$$<sendadaptivamessage.cpp><x Apr 13 22:57:42.555 2018><thread=2>
~copyFileUsingSpecifiedBandwidth(): 594: Line: 1312: Bytes copied: 45056000$$<windowsfileanddirectoryfunctions.cpp><x Apr 13 22:57:46.473 2018><thread=2>
~copyFileUsingSpecifiedBandwidth(): 594: Line: 1356: Download completed$$<windowsfileanddirectoryfunctions.cpp><x Apr 13 22:57:48.655 2018><thread=2>
~copyFileUsingSpecifiedBandwidth(): 594: Line: 1377: done: 0$$<windowsfileanddirectoryfunctions.cpp><x Apr 13 22:57:48.655 2018><thread=2>
~stopListeningForWanClientDownloadMessages(): 594: Line: 266: stopping$$<wandownload.cpp><x Apr 13 22:57:48.655 2018><thread=2>
~WanClientDownloadListenerThread(): 175C: Line: 165: stop listening recvd$$<wandownload.cpp><x Apr 13 22:57:49.585 2018><thread=2>
~WanClientDownloadListenerThread(): 175C: Line: 234: exited$$<wandownload.cpp><x Apr 13 22:57:49.585 2018><thread=2>
~stopSendingWanClientDownloadMessages(): 594: Line: 303: stopping$$<wandownload.cpp><x Apr 13 22:57:49.585 2018><thread=2>
~WanClientDownloadSendingThread(): 330: Line: 324: exiting$$<wandownload.cpp><x Apr 13 22:57:57.532 2018><thread=2>
~downloadClientInstallerOverWAN(): 594: Line: 77: WAN copy succeeded$$<wandownload.cpp><x Apr 13 22:57:57.532 2018><thread=2>
~startSendingWanClientDownloadMessages(): 594: Line: 288: starting: {889AD685-8040-B6C1-5261-12F5A070C337}, port: 34329, wait: 15000$$<wandownload.cpp><x Apr 13 22:57:57.532 2018><thread=2>
~sendWanClientDownloadMessage(): 141C: Line: 339: sending: {889AD685-8040-B6C1-5261-12F5A070C337}, port: 34329$$<wandownload.cpp><x Apr 13 22:57:57.532 2018><thread=2>
~openRegistryKey(): 141C: Line: 988: *****: System code: 87: The parameter is incorrect.$$<newregistryutils.cpp><x Apr 13 22:57:57.532 2018><thread=3>
~openRegistryKey(): 141C: Line: 989: *****: RegOpenKeyEx: SOFTWARE\Adaptiva\client, 2$$<newregistryutils.cpp><x Apr 13 22:57:57.532 2018><thread=3>
~registry_GetValue(): 141C: Line: 917: *****: openRegistryKey: SOFTWARE\Adaptiva\client, 2$$<newregistryutils.cpp><x Apr 13 22:57:57.532 2018><thread=3>
~getAdaptivaClientId(): 141C: Line: 338: *****: client id not found$$<sendadaptivamessage.cpp><x Apr 13 22:57:57.532 2018><thread=3>
~MakeAdaptivaMessage(): 141C: Line: 155: no client id: using default$$<sendadaptivamessage.cpp><x Apr 13 22:57:57.532 2018><thread=2>
~sendToBroadcast(): 141C: Line: 496: sent broadcast: 236 bytes, bind ip: 10.0.1.9$$<sendadaptivamessage.cpp><x Apr 13 22:57:57.532 2018><thread=2>
~sendToBroadcast(): 141C: Line: 511: Sent on 1 interfaces$$<sendadaptivamessage.cpp><x Apr 13 22:57:57.532 2018><thread=2>
~validateAdaptivaClientInstallerSecureHash(): 594: Line: 746: File: C:\Program Files (x86)\Adaptiva\AdaptivaClient\bin\AdaptivaClientSetup.exe, Hash: 05bfbbb3f1cf16b2942f113a1ce0618e, Result: Valid$$<adaptivap2pclient.cpp><x Apr 13 22:58:08.722 2018><thread=2>
~calculateAdaptivaClientInstallerCommandLine(): 594: Line: 499: Cmdline: -installorupgrade -folder "C:\Program Files (x86)\Adaptiva\" -servername OPCM10.OP.LAB -mem 32 $$<adaptivap2pclient.cpp><x Apr 13 22:58:08.722 2018><thread=2>
~isWindowsFirewallPresent(): 594: Line: 29: Windows firewall is present$$<windowsfirewallutils.cpp><x Apr 13 22:58:08.722 2018><thread=2>
~WindowsFirewallPortIsEnabled(): 594: Line: 481: Port 34760 is open in the firewall$$<windowsfirewallutils.cpp><x Apr 13 22:58:08.785 2018><thread=2>
~removePortInWindowsFirewall(): 594: Line: 698: The Windows firewall was successfully configured$$<windowsfirewallutils.cpp><x Apr 13 22:58:08.785 2018><thread=2>
~WindowsFirewallPortIsEnabled(): 594: Line: 481: Port 34329 is open in the firewall$$<windowsfirewallutils.cpp><x Apr 13 22:58:08.831 2018><thread=2>
~removePortInWindowsFirewall(): 594: Line: 698: The Windows firewall was successfully configured$$<windowsfirewallutils.cpp><x Apr 13 22:58:08.831 2018><thread=2>
~removeFireWallForMSI(): 594: Line: 791: Successfully removed entries from WindowsFireWall$$<adaptivap2pclient.cpp><x Apr 13 22:58:08.831 2018><thread=2>
~sendWanClientDownloadMessage(): 141C: Line: 339: sending: {889AD685-8040-B6C1-5261-12F5A070C337}, port: 34329$$<wandownload.cpp><x Apr 13 22:58:12.510 2018><thread=2>
~openRegistryKey(): 141C: Line: 988: *****: System code: 0: The operation completed successfully.$$<newregistryutils.cpp><x Apr 13 22:58:12.510 2018><thread=3>
~openRegistryKey(): 141C: Line: 989: *****: RegOpenKeyEx: SOFTWARE\Adaptiva\client, 2$$<newregistryutils.cpp><x Apr 13 22:58:12.510 2018><thread=3>
~registry_GetValue(): 141C: Line: 917: *****: openRegistryKey: SOFTWARE\Adaptiva\client, 2$$<newregistryutils.cpp><x Apr 13 22:58:12.510 2018><thread=3>
~getAdaptivaClientId(): 141C: Line: 338: *****: client id not found$$<sendadaptivamessage.cpp><x Apr 13 22:58:12.510 2018><thread=3>
~MakeAdaptivaMessage(): 141C: Line: 155: no client id: using default$$<sendadaptivamessage.cpp><x Apr 13 22:58:12.510 2018><thread=2>
~sendToBroadcast(): 141C: Line: 496: sent broadcast: 236 bytes, bind ip: 10.0.1.9$$<sendadaptivamessage.cpp><x Apr 13 22:58:12.510 2018><thread=2>
~sendToBroadcast(): 141C: Line: 511: Sent on 1 interfaces$$<sendadaptivamessage.cpp><x Apr 13 22:58:12.510 2018><thread=2>
~installClient(): 594: Line: 532: created installer process$$<adaptivap2pclient.cpp><x Apr 13 22:58:17.405 2018><thread=2>
~sendWanClientDownloadMessage(): 141C: Line: 339: sending: {889AD685-8040-B6C1-5261-12F5A070C337}, port: 34329$$<wandownload.cpp><x Apr 13 22:58:27.308 2018><thread=2>
~registry_GetValue(): 141C: Line: 941: *****: System code: 0: The operation completed successfully.$$<newregistryutils.cpp><x Apr 13 22:58:27.308 2018><thread=3>
~registry_GetValue(): 141C: Line: 942: *****: RegQueryValueEx: SOFTWARE\Adaptiva\client, 2$$<newregistryutils.cpp><x Apr 13 22:58:27.308 2018><thread=3>
~getAdaptivaClientId(): 141C: Line: 338: *****: client id not found$$<sendadaptivamessage.cpp><x Apr 13 22:58:27.308 2018><thread=3>
~MakeAdaptivaMessage(): 141C: Line: 155: no client id: using default$$<sendadaptivamessage.cpp><x Apr 13 22:58:27.308 2018><thread=2>
~sendToBroadcast(): 141C: Line: 496: sent broadcast: 236 bytes, bind ip: 10.0.1.9$$<sendadaptivamessage.cpp><x Apr 13 22:58:27.308 2018><thread=2>
~sendToBroadcast(): 141C: Line: 511: Sent on 1 interfaces$$<sendadaptivamessage.cpp><x Apr 13 22:58:27.308 2018><thread=2>
~sendWanClientDownloadMessage(): 141C: Line: 339: sending: {889AD685-8040-B6C1-5261-12F5A070C337}, port: 34329$$<wandownload.cpp><x Apr 13 22:58:44.663 2018><thread=2>
~registry_GetValue(): 141C: Line: 941: *****: System code: 0: The operation completed successfully.$$<newregistryutils.cpp><x Apr 13 22:58:44.663 2018><thread=3>
~registry_GetValue(): 141C: Line: 942: *****: RegQueryValueEx: SOFTWARE\Adaptiva\client, 2$$<newregistryutils.cpp><x Apr 13 22:58:44.663 2018><thread=3>
~getAdaptivaClientId(): 141C: Line: 338: *****: client id not found$$<sendadaptivamessage.cpp><x Apr 13 22:58:44.663 2018><thread=3>
~MakeAdaptivaMessage(): 141C: Line: 155: no client id: using default$$<sendadaptivamessage.cpp><x Apr 13 22:58:44.663 2018><thread=2>
~sendToBroadcast(): 141C: Line: 496: sent broadcast: 236 bytes, bind ip: 10.0.1.9$$<sendadaptivamessage.cpp><x Apr 13 22:58:44.663 2018><thread=2>
~sendToBroadcast(): 141C: Line: 511: Sent on 1 interfaces$$<sendadaptivamessage.cpp><x Apr 13 22:58:44.663 2018><thread=2>
~sendWanClientDownloadMessage(): 141C: Line: 339: sending: {889AD685-8040-B6C1-5261-12F5A070C337}, port: 34329$$<wandownload.cpp><x Apr 13 22:58:58.619 2018><thread=2>
~getAdaptivaClientId(): 141C: Line: 338: *****: client id not found$$<sendadaptivamessage.cpp><x Apr 13 22:58:58.619 2018><thread=3>
~MakeAdaptivaMessage(): 141C: Line: 155: no client id: using default$$<sendadaptivamessage.cpp><x Apr 13 22:58:58.619 2018><thread=2>
~sendToBroadcast(): 141C: Line: 496: sent broadcast: 236 bytes, bind ip: 10.0.1.9$$<sendadaptivamessage.cpp><x Apr 13 22:58:58.619 2018><thread=2>
~sendToBroadcast(): 141C: Line: 511: Sent on 1 interfaces$$<sendadaptivamessage.cpp><x Apr 13 22:58:58.619 2018><thread=2>
~installClient(): 594: Line: 537: process completed$$<adaptivap2pclient.cpp><x Apr 13 22:59:12.048 2018><thread=2>
~installClient(): 594: Line: 547: exit code: 0$$<adaptivap2pclient.cpp><x Apr 13 22:59:12.048 2018><thread=2>
~stopSendingWanClientDownloadMessages(): 594: Line: 303: stopping$$<wandownload.cpp><x Apr 13 22:59:12.048 2018><thread=2>
~WanClientDownloadSendingThread(): 141C: Line: 324: exiting$$<wandownload.cpp><x Apr 13 22:59:13.202 2018><thread=2>
~WinMain(): 594: Line: 347: Install succeeded$$<adaptivap2pclient.cpp><x Apr 13 22:59:13.202 2018><thread=2>
