~openRegistryKey(): 1668: Line: 988: *****: System code: 0: The operation completed successfully.$$<newregistryutils.cpp><x Apr 13 22:58:55.478 2018><thread=3>
~openRegistryKey(): 1668: Line: 989: *****: RegOpenKeyEx: Software\Adaptiva\client, 2$$<newregistryutils.cpp><x Apr 13 22:58:55.478 2018><thread=3>
~registry_GetValue(): 1668: Line: 917: *****: openRegistryKey: Software\Adaptiva\client, 2$$<newregistryutils.cpp><x Apr 13 22:58:55.478 2018><thread=3>
~openRegistryKey(): 1668: Line: 988: *****: System code: 0: The operation completed successfully.$$<newregistryutils.cpp><x Apr 13 22:58:55.478 2018><thread=3>
~openRegistryKey(): 1668: Line: 989: *****: RegOpenKeyEx: Software\Adaptiva\client, 2$$<newregistryutils.cpp><x Apr 13 22:58:55.478 2018><thread=3>
~registry_GetValue(): 1668: Line: 917: *****: openRegistryKey: Software\Adaptiva\client, 2$$<newregistryutils.cpp><x Apr 13 22:58:55.478 2018><thread=3>
~openRegistryKey(): 1668: Line: 988: *****: System code: 0: The operation completed successfully.$$<newregistryutils.cpp><x Apr 13 22:58:55.478 2018><thread=3>
~openRegistryKey(): 1668: Line: 989: *****: RegOpenKeyEx: Software\Adaptiva\client, 2$$<newregistryutils.cpp><x Apr 13 22:58:55.478 2018><thread=3>
~registry_GetValue(): 1668: Line: 917: *****: openRegistryKey: Software\Adaptiva\client, 2$$<newregistryutils.cpp><x Apr 13 22:58:55.478 2018><thread=3>
~openRegistryKey(): 1668: Line: 988: *****: System code: 0: The operation completed successfully.$$<newregistryutils.cpp><x Apr 13 22:58:55.478 2018><thread=3>
~openRegistryKey(): 1668: Line: 989: *****: RegOpenKeyEx: Software\Adaptiva\client, 2$$<newregistryutils.cpp><x Apr 13 22:58:55.478 2018><thread=3>
~registry_GetValue(): 1668: Line: 917: *****: openRegistryKey: Software\Adaptiva\client, 2$$<newregistryutils.cpp><x Apr 13 22:58:55.478 2018><thread=3>
~openRegistryKey(): 1668: Line: 988: *****: System code: 0: The operation completed successfully.$$<newregistryutils.cpp><x Apr 13 22:58:55.478 2018><thread=3>
~openRegistryKey(): 1668: Line: 989: *****: RegOpenKeyEx: Software\Adaptiva\client, 2$$<newregistryutils.cpp><x Apr 13 22:58:55.478 2018><thread=3>
~registry_GetValue(): 1668: Line: 917: *****: openRegistryKey: Software\Adaptiva\client, 2$$<newregistryutils.cpp><x Apr 13 22:58:55.478 2018><thread=3>
~openRegistryKey(): 1668: Line: 988: *****: System code: 0: The operation completed successfully.$$<newregistryutils.cpp><x Apr 13 22:58:55.478 2018><thread=3>
~openRegistryKey(): 1668: Line: 989: *****: RegOpenKeyEx: Software\Adaptiva\client, 2$$<newregistryutils.cpp><x Apr 13 22:58:55.478 2018><thread=3>
~registry_GetValue(): 1668: Line: 917: *****: openRegistryKey: Software\Adaptiva\client, 2$$<newregistryutils.cpp><x Apr 13 22:58:55.478 2018><thread=3>
~openRegistryKey(): 1668: Line: 988: *****: System code: 0: The operation completed successfully.$$<newregistryutils.cpp><x Apr 13 22:58:55.478 2018><thread=3>
~openRegistryKey(): 1668: Line: 989: *****: RegOpenKeyEx: Software\Adaptiva\client, 2$$<newregistryutils.cpp><x Apr 13 22:58:55.478 2018><thread=3>
~registry_GetValue(): 1668: Line: 917: *****: openRegistryKey: Software\Adaptiva\client, 2$$<newregistryutils.cpp><x Apr 13 22:58:55.478 2018><thread=3>
~openRegistryKey(): 1668: Line: 988: *****: System code: 0: The operation completed successfully.$$<newregistryutils.cpp><x Apr 13 22:58:55.478 2018><thread=3>
~openRegistryKey(): 1668: Line: 989: *****: RegOpenKeyEx: Software\Adaptiva\client, 2$$<newregistryutils.cpp><x Apr 13 22:58:55.478 2018><thread=3>
~registry_GetValue(): 1668: Line: 917: *****: openRegistryKey: Software\Adaptiva\client, 2$$<newregistryutils.cpp><x Apr 13 22:58:55.493 2018><thread=3>
~openRegistryKey(): 1668: Line: 988: *****: System code: 0: The operation completed successfully.$$<newregistryutils.cpp><x Apr 13 22:58:55.493 2018><thread=3>
~openRegistryKey(): 1668: Line: 989: *****: RegOpenKeyEx: Software\Adaptiva\client, 2$$<newregistryutils.cpp><x Apr 13 22:58:55.493 2018><thread=3>
~registry_GetValue(): 1668: Line: 917: *****: openRegistryKey: Software\Adaptiva\client, 2$$<newregistryutils.cpp><x Apr 13 22:58:55.493 2018><thread=3>
~openRegistryKey(): 1668: Line: 988: *****: System code: 0: The operation completed successfully.$$<newregistryutils.cpp><x Apr 13 22:58:55.493 2018><thread=3>
~openRegistryKey(): 1668: Line: 989: *****: RegOpenKeyEx: Software\Adaptiva\client, 2$$<newregistryutils.cpp><x Apr 13 22:58:55.493 2018><thread=3>
~registry_GetValue(): 1668: Line: 917: *****: openRegistryKey: Software\Adaptiva\client, 2$$<newregistryutils.cpp><x Apr 13 22:58:55.493 2018><thread=3>
~openRegistryKey(): 1668: Line: 988: *****: System code: 0: The operation completed successfully.$$<newregistryutils.cpp><x Apr 13 22:58:55.493 2018><thread=3>
~openRegistryKey(): 1668: Line: 989: *****: RegOpenKeyEx: Software\Adaptiva\client, 2$$<newregistryutils.cpp><x Apr 13 22:58:55.493 2018><thread=3>
~registry_GetValue(): 1668: Line: 917: *****: openRegistryKey: Software\Adaptiva\client, 2$$<newregistryutils.cpp><x Apr 13 22:58:55.493 2018><thread=3>
~openRegistryKey(): 1668: Line: 988: *****: System code: 0: The operation completed successfully.$$<newregistryutils.cpp><x Apr 13 22:58:55.493 2018><thread=3>
~openRegistryKey(): 1668: Line: 989: *****: RegOpenKeyEx: Software\Adaptiva\client, 2$$<newregistryutils.cpp><x Apr 13 22:58:55.493 2018><thread=3>
~registry_GetValue(): 1668: Line: 917: *****: openRegistryKey: Software\Adaptiva\client, 2$$<newregistryutils.cpp><x Apr 13 22:58:55.493 2018><thread=3>
~openRegistryKey(): 1668: Line: 988: *****: System code: 0: The operation completed successfully.$$<newregistryutils.cpp><x Apr 13 22:58:55.493 2018><thread=3>
~openRegistryKey(): 1668: Line: 989: *****: RegOpenKeyEx: Software\Adaptiva\client, 2$$<newregistryutils.cpp><x Apr 13 22:58:55.493 2018><thread=3>
~registry_GetValue(): 1668: Line: 917: *****: openRegistryKey: Software\Adaptiva\client, 2$$<newregistryutils.cpp><x Apr 13 22:58:55.493 2018><thread=3>
~openRegistryKey(): 1668: Line: 988: *****: System code: 0: The operation completed successfully.$$<newregistryutils.cpp><x Apr 13 22:58:55.493 2018><thread=3>
~openRegistryKey(): 1668: Line: 989: *****: RegOpenKeyEx: Software\Adaptiva\client, 2$$<newregistryutils.cpp><x Apr 13 22:58:55.493 2018><thread=3>
~registry_GetValue(): 1668: Line: 917: *****: openRegistryKey: Software\Adaptiva\client, 2$$<newregistryutils.cpp><x Apr 13 22:58:55.493 2018><thread=3>
~getInstallationStatusWithForceFlags(): 1668: Line: 116: Product key: Software\Adaptiva\client$$<installationstatus.cpp><x Apr 13 22:58:55.493 2018><thread=2>
~getInstallationStatusWithForceFlags(): 1668: Line: 117: Status: 0$$<installationstatus.cpp><x Apr 13 22:58:55.493 2018><thread=2>
~getInstallationStatusWithForceFlags(): 1668: Line: 118: Build: 0$$<installationstatus.cpp><x Apr 13 22:58:55.493 2018><thread=2>
~getInstallationStatusWithForceFlags(): 1668: Line: 119: Version Major: 0$$<installationstatus.cpp><x Apr 13 22:58:55.493 2018><thread=2>
~getInstallationStatusWithForceFlags(): 1668: Line: 120: Version Minor: 0$$<installationstatus.cpp><x Apr 13 22:58:55.493 2018><thread=2>
~getInstallationStatusWithForceFlags(): 1668: Line: 121: Update: 0$$<installationstatus.cpp><x Apr 13 22:58:55.493 2018><thread=2>
~getInstallationStatusWithForceFlags(): 1668: Line: 122: Installation Folder: $$<installationstatus.cpp><x Apr 13 22:58:55.493 2018><thread=2>
~getInstallationStatusWithForceFlags(): 1668: Line: 123: Old Build: 0$$<installationstatus.cpp><x Apr 13 22:58:55.493 2018><thread=2>
~getInstallationStatusWithForceFlags(): 1668: Line: 124: Old Version Major: 0$$<installationstatus.cpp><x Apr 13 22:58:55.493 2018><thread=2>
~getInstallationStatusWithForceFlags(): 1668: Line: 125: Old Version Minor: 0$$<installationstatus.cpp><x Apr 13 22:58:55.493 2018><thread=2>
~getInstallationStatusWithForceFlags(): 1668: Line: 126: Old Update: 0$$<installationstatus.cpp><x Apr 13 22:58:55.493 2018><thread=2>
~getInstallationStatusWithForceFlags(): 1668: Line: 127: New Build: 0$$<installationstatus.cpp><x Apr 13 22:58:55.493 2018><thread=2>
~getInstallationStatusWithForceFlags(): 1668: Line: 128: New Version Major: 0$$<installationstatus.cpp><x Apr 13 22:58:55.493 2018><thread=2>
~getInstallationStatusWithForceFlags(): 1668: Line: 129: New Version Minor: 0$$<installationstatus.cpp><x Apr 13 22:58:55.493 2018><thread=2>
~getInstallationStatusWithForceFlags(): 1668: Line: 130: New Update: 0$$<installationstatus.cpp><x Apr 13 22:58:55.493 2018><thread=2>
~getInstallationStatus(): 1668: Line: 19: 64 bit not found$$<installationstatus.cpp><x Apr 13 22:58:55.493 2018><thread=2>
~getInstallationStatusWithForceFlags(): 1668: Line: 116: Product key: Software\Adaptiva\client$$<installationstatus.cpp><x Apr 13 22:58:55.493 2018><thread=2>
~getInstallationStatusWithForceFlags(): 1668: Line: 117: Status: 2$$<installationstatus.cpp><x Apr 13 22:58:55.493 2018><thread=2>
~getInstallationStatusWithForceFlags(): 1668: Line: 118: Build: 673$$<installationstatus.cpp><x Apr 13 22:58:55.493 2018><thread=2>
~getInstallationStatusWithForceFlags(): 1668: Line: 119: Version Major: 5$$<installationstatus.cpp><x Apr 13 22:58:55.493 2018><thread=2>
~getInstallationStatusWithForceFlags(): 1668: Line: 120: Version Minor: 5$$<installationstatus.cpp><x Apr 13 22:58:55.493 2018><thread=2>
~getInstallationStatusWithForceFlags(): 1668: Line: 121: Update: 0$$<installationstatus.cpp><x Apr 13 22:58:55.493 2018><thread=2>
~getInstallationStatusWithForceFlags(): 1668: Line: 122: Installation Folder: c:\program files (x86)\adaptiva\AdaptivaClient\$$<installationstatus.cpp><x Apr 13 22:58:55.493 2018><thread=2>
~getInstallationStatusWithForceFlags(): 1668: Line: 123: Old Build: 0$$<installationstatus.cpp><x Apr 13 22:58:55.493 2018><thread=2>
~getInstallationStatusWithForceFlags(): 1668: Line: 124: Old Version Major: 0$$<installationstatus.cpp><x Apr 13 22:58:55.493 2018><thread=2>
~getInstallationStatusWithForceFlags(): 1668: Line: 125: Old Version Minor: 0$$<installationstatus.cpp><x Apr 13 22:58:55.493 2018><thread=2>
~getInstallationStatusWithForceFlags(): 1668: Line: 126: Old Update: 0$$<installationstatus.cpp><x Apr 13 22:58:55.493 2018><thread=2>
~getInstallationStatusWithForceFlags(): 1668: Line: 127: New Build: 0$$<installationstatus.cpp><x Apr 13 22:58:55.493 2018><thread=2>
~getInstallationStatusWithForceFlags(): 1668: Line: 128: New Version Major: 0$$<installationstatus.cpp><x Apr 13 22:58:55.493 2018><thread=2>
~getInstallationStatusWithForceFlags(): 1668: Line: 129: New Version Minor: 0$$<installationstatus.cpp><x Apr 13 22:58:55.493 2018><thread=2>
~getInstallationStatusWithForceFlags(): 1668: Line: 130: New Update: 0$$<installationstatus.cpp><x Apr 13 22:58:55.493 2018><thread=2>
~JvmHookFunc(): 1668: Line: 248: Successfully loaded Java DLLs$$<jvmhook.cpp><x Apr 13 22:58:55.612 2018><thread=2>
~JvmHookFunc(): 1668: Line: 269: Hooking begin in 5736$$<jvmhook.cpp><x Apr 13 22:58:55.612 2018><thread=2>
